[     894ms] [WARNING] <link rel=preload> must have a valid `as` value @ https://www.linkedin.com/login:99
[     894ms] [WARNING] <link rel=preload> must have a valid `as` value @ https://www.linkedin.com/login:100
[     894ms] [WARNING] <link rel=preload> must have a valid `as` value @ https://www.linkedin.com/login:101
[     894ms] [WARNING] <link rel=preload> must have a valid `as` value @ https://www.linkedin.com/login:102
[     894ms] [WARNING] <link rel=preload> must have a valid `as` value @ https://www.linkedin.com/login:105
[     894ms] [WARNING] <link rel=preload> must have a valid `as` value @ https://www.linkedin.com/login:106
[     997ms] [WARNING] -ms-high-contrast is in the process of being deprecated. Please see https://blogs.windows.com/msedgedev/2024/04/29/deprecating-ms-high-contrast/ for tips on updating to the new Forced Colors Mode standard. @ https://www.linkedin.com/login:0
[     998ms] [WARNING] -ms-high-contrast is in the process of being deprecated. Please see https://blogs.windows.com/msedgedev/2024/04/29/deprecating-ms-high-contrast/ for tips on updating to the new Forced Colors Mode standard. @ https://www.linkedin.com/login:0
[     998ms] [WARNING] -ms-high-contrast is in the process of being deprecated. Please see https://blogs.windows.com/msedgedev/2024/04/29/deprecating-ms-high-contrast/ for tips on updating to the new Forced Colors Mode standard. @ https://www.linkedin.com/login:0
[     998ms] [WARNING] -ms-high-contrast is in the process of being deprecated. Please see https://blogs.windows.com/msedgedev/2024/04/29/deprecating-ms-high-contrast/ for tips on updating to the new Forced Colors Mode standard. @ https://www.linkedin.com/login:0
[     998ms] [WARNING] -ms-high-contrast is in the process of being deprecated. Please see https://blogs.windows.com/msedgedev/2024/04/29/deprecating-ms-high-contrast/ for tips on updating to the new Forced Colors Mode standard. @ https://www.linkedin.com/login:0
[     999ms] [WARNING] -ms-high-contrast is in the process of being deprecated. Please see https://blogs.windows.com/msedgedev/2024/04/29/deprecating-ms-high-contrast/ for tips on updating to the new Forced Colors Mode standard. @ https://www.linkedin.com/login:0
[     999ms] [WARNING] -ms-high-contrast is in the process of being deprecated. Please see https://blogs.windows.com/msedgedev/2024/04/29/deprecating-ms-high-contrast/ for tips on updating to the new Forced Colors Mode standard. @ https://www.linkedin.com/login:0
[    1000ms] [WARNING] -ms-high-contrast is in the process of being deprecated. Please see https://blogs.windows.com/msedgedev/2024/04/29/deprecating-ms-high-contrast/ for tips on updating to the new Forced Colors Mode standard. @ https://www.linkedin.com/login:0
[    2810ms] [WARNING] [GSI_LOGGER]: Your client application may not display the Google One Tap in its default position. When FedCM becomes mandatory, One Tap only displays in the default position. Refer to the migration guide to update your code accordingly and opt-in to FedCM to test your changes. Learn more: https://developers.google.com/identity/gsi/web/guides/fedcm-migration?s=dc#layout @ https://static.licdn.com/sc/h/aofke6z5sqc44bjlvj6yr05c8:168
[    2812ms] [WARNING] [GSI_LOGGER]: Your client application uses one of the Google One Tap prompt UI status methods that may stop functioning when FedCM becomes mandatory. Refer to the migration guide to update your code accordingly and opt-in to FedCM to test your changes. Learn more: https://developers.google.com/identity/gsi/web/guides/fedcm-migration?s=dc#display_moment and https://developers.google.com/identity/gsi/web/guides/fedcm-migration?s=dc#skipped_moment @ https://static.licdn.com/sc/h/aofke6z5sqc44bjlvj6yr05c8:168
[    4711ms] [ERROR] Failed to load resource: net::ERR_NAME_NOT_RESOLVED @ https://dpm.demdex.net/id?d_visid_ver=5.1.1&d_fieldgroup=MC&d_rtbd=json&d_ver=2&d_orgid=14215E3D5995C57C0A495C55%40AdobeOrg&d_nsid=0&ts=1772301145853:0
[    4725ms] [ERROR] Failed to load resource: net::ERR_NAME_NOT_RESOLVED @ https://dpm.demdex.net/id?d_visid_ver=5.1.1&d_fieldgroup=AAM&d_rtbd=json&d_ver=2&d_orgid=14215E3D5995C57C0A495C55%40AdobeOrg&d_nsid=0&d_mid=03817140582013529910207688856410653577&ts=1772301145893:0
[    4733ms] [ERROR] Failed to load resource: net::ERR_NAME_NOT_RESOLVED @ https://lnkd.demdex.net/event?d_dil_ver=9.4&_ts=1772301145856:0
[    5273ms] [WARNING] -ms-high-contrast is in the process of being deprecated. Please see https://blogs.windows.com/msedgedev/2024/04/29/deprecating-ms-high-contrast/ for tips on updating to the new Forced Colors Mode standard. @ https://accounts.google.com/gsi/button?logo_alignment=center&shape=pill&size=large&text=continue_with&theme=undefined&type=undefined&width=302&client_id=990339570472-k6nqn1tpmitg8pui82bfaun3jrpmiuhs.apps.googleusercontent.com&iframe_id=gsi_143984_445981&as=vcQMwruEvCDG4qRJS7E%2F%2FA&hl=en_US:1
[    6825ms] [ERROR] Failed to load resource: net::ERR_NAME_NOT_RESOLVED @ https://collector-pxdojv695v.protechts.net/api/v2/msft:0
[    5273ms] [WARNING] -ms-high-contrast is in the process of being deprecated. Please see https://blogs.windows.com/msedgedev/2024/04/29/deprecating-ms-high-contrast/ for tips on updating to the new Forced Colors Mode standard. @ https://accounts.google.com/gsi/button?logo_alignment=center&shape=pill&size=large&text=continue_with&theme=undefined&type=undefined&width=302&client_id=990339570472-k6nqn1tpmitg8pui82bfaun3jrpmiuhs.apps.googleusercontent.com&iframe_id=gsi_143984_445981&as=vcQMwruEvCDG4qRJS7E%2F%2FA&hl=en_US:1
[   55456ms] [ERROR] Cross-Origin-Opener-Policy policy would block the window.postMessage call. @ https://static.licdn.com/sc/h/aofke6z5sqc44bjlvj6yr05c8:337
[   55456ms] [ERROR] Cross-Origin-Opener-Policy policy would block the window.postMessage call. @ https://static.licdn.com/sc/h/aofke6z5sqc44bjlvj6yr05c8:337
[   59436ms] [WARNING] BooleanExpression with operator "numericEquals" had an expression that evaluated to null on one side. @ https://static.licdn.com/aero-v1/sc/h/assets/sdui-BD8SCo8g.es.js:0
[   59439ms] [WARNING] BooleanExpression with operator "numericEquals" had an expression that evaluated to null on one side. @ https://static.licdn.com/aero-v1/sc/h/assets/sdui-BD8SCo8g.es.js:0
[   59454ms] [WARNING] BooleanExpression with operator "numericEquals" had an expression that evaluated to null on one side. @ https://static.licdn.com/aero-v1/sc/h/assets/sdui-BD8SCo8g.es.js:0
[   59457ms] [WARNING] BooleanExpression with operator "numericEquals" had an expression that evaluated to null on one side. @ https://static.licdn.com/aero-v1/sc/h/assets/sdui-BD8SCo8g.es.js:0
[   59463ms] [WARNING] BooleanExpression with operator "stringEquals" had an expression that evaluated to null on one side. @ https://static.licdn.com/aero-v1/sc/h/assets/sdui-BD8SCo8g.es.js:0
[   59464ms] [WARNING] BooleanExpression with operator "or" had an expression that evaluated to null on one side. @ https://static.licdn.com/aero-v1/sc/h/assets/sdui-BD8SCo8g.es.js:0
[   59464ms] [WARNING] BooleanExpression with operator "not" had an expression that evaluated to null on one side. @ https://static.licdn.com/aero-v1/sc/h/assets/sdui-BD8SCo8g.es.js:0
[   59464ms] [WARNING] BooleanExpression with operator "and" had an expression that evaluated to null on one side. @ https://static.licdn.com/aero-v1/sc/h/assets/sdui-BD8SCo8g.es.js:0
[   59554ms] [WARNING] BooleanExpression with operator "stringEquals" had an expression that evaluated to null on one side. @ https://static.licdn.com/aero-v1/sc/h/assets/sdui-BD8SCo8g.es.js:0
[   59554ms] [WARNING] BooleanExpression with operator "stringEquals" had an expression that evaluated to null on one side. @ https://static.licdn.com/aero-v1/sc/h/assets/sdui-BD8SCo8g.es.js:0
[   59560ms] [WARNING] BooleanExpression with operator "numericGreaterThan" had an expression that evaluated to null on one side. @ https://static.licdn.com/aero-v1/sc/h/assets/sdui-BD8SCo8g.es.js:0
[   59561ms] [WARNING] BooleanExpression with operator "numericGreaterThan" had an expression that evaluated to null on one side. @ https://static.licdn.com/aero-v1/sc/h/assets/sdui-BD8SCo8g.es.js:0
[   59561ms] [WARNING] BooleanExpression with operator "numericGreaterThan" had an expression that evaluated to null on one side. @ https://static.licdn.com/aero-v1/sc/h/assets/sdui-BD8SCo8g.es.js:0
[   59633ms] Error: Minified React error #418; visit https://react.dev/errors/418?args[]= for the full message or use the non-minified dev environment for full errors and additional helpful warnings.
    at ab (https://static.licdn.com/aero-v1/sc/h/assets/vendor-D9F2tRLA.es.js:1:78335)
    at lL (https://static.licdn.com/aero-v1/sc/h/assets/vendor-D9F2tRLA.es.js:1:127045)
    at db (https://static.licdn.com/aero-v1/sc/h/assets/vendor-D9F2tRLA.es.js:1:170565)
    at dv (https://static.licdn.com/aero-v1/sc/h/assets/vendor-D9F2tRLA.es.js:1:170535)
    at dy (https://static.licdn.com/aero-v1/sc/h/assets/vendor-D9F2tRLA.es.js:1:170391)
    at u4 (https://static.licdn.com/aero-v1/sc/h/assets/vendor-D9F2tRLA.es.js:1:165807)
    at dG (https://static.licdn.com/aero-v1/sc/h/assets/vendor-D9F2tRLA.es.js:1:176696)
    at MessagePort.eV (https://static.licdn.com/aero-v1/sc/h/assets/vendor-D9F2tRLA.es.js:1:34414)
[   59653ms] [WARNING] BooleanExpression with operator "numericGreaterThan" had an expression that evaluated to null on one side. @ https://static.licdn.com/aero-v1/sc/h/assets/sdui-BD8SCo8g.es.js:0
[   59672ms] [WARNING] BooleanExpression with operator "numericGreaterThan" had an expression that evaluated to null on one side. @ https://static.licdn.com/aero-v1/sc/h/assets/sdui-BD8SCo8g.es.js:0
[   59696ms] [WARNING] BooleanExpression with operator "numericGreaterThan" had an expression that evaluated to null on one side. @ https://static.licdn.com/aero-v1/sc/h/assets/sdui-BD8SCo8g.es.js:0
[   59774ms] [WARNING] BooleanExpression with operator "numericGreaterThan" had an expression that evaluated to null on one side. @ https://static.licdn.com/aero-v1/sc/h/assets/sdui-BD8SCo8g.es.js:0
[   59776ms] [WARNING] BooleanExpression with operator "numericGreaterThan" had an expression that evaluated to null on one side. @ https://static.licdn.com/aero-v1/sc/h/assets/sdui-BD8SCo8g.es.js:0
[   60135ms] [ERROR] Failed to load resource: net::ERR_NAME_NOT_RESOLVED @ https://px.ads.linkedin.com/setuid?partner=googleadx:0
[   60135ms] [ERROR] Failed to load resource: net::ERR_NAME_NOT_RESOLVED @ https://px.ads.linkedin.com/setuid?partner=doubleClick:0
[   60135ms] [ERROR] Failed to load resource: net::ERR_NAME_NOT_RESOLVED @ https://px.ads.linkedin.com/setuid?partner=microsoft:0
[   60135ms] [ERROR] Failed to load resource: net::ERR_NAME_NOT_RESOLVED @ https://px.ads.linkedin.com/setuid?partner=appNexusInt:0
[   60135ms] [ERROR] Failed to load resource: net::ERR_NAME_NOT_RESOLVED @ https://px.ads.linkedin.com/collect/?pid=6883&fmt=gif:0
[   60139ms] [ERROR] Failed to load resource: net::ERR_NAME_NOT_RESOLVED @ https://eb2.3lift.com/xuid?mid=6250&xuid=isLIMember&dongle=2b63&rdir=https%3A%2F%2Fpx.ads.linkedin.com%2Fsetuid%3Fpartner%3Dtriplelift%26tlUid%3D%24UID:0
[   60139ms] [ERROR] Failed to load resource: net::ERR_NAME_NOT_RESOLVED @ https://sync.teads.tv/um?eid=161&uid=&fb=https%3A%2F%2Fpx.ads.linkedin.com%2Fsetuid%3Fpartner%3Dteads%26exuid%3D%5BVID%5D:0
[   60139ms] [ERROR] Failed to load resource: net::ERR_NAME_NOT_RESOLVED @ https://lex.33across.com/ps/v1/pubtoken/?pid=142&ru=https%3A%2F%2Fpx.ads.linkedin.com%2Fsetuid%3Fpartner%3DthirtyThreeAcross%26exuid%3D%24%7BPUBTOK%7D:0
[   60139ms] [ERROR] Failed to load resource: net::ERR_NAME_NOT_RESOLVED @ https://ads.stickyadstv.com/user-matching?id=3661:0
[   60182ms] [WARNING] -ms-high-contrast is in the process of being deprecated. Please see https://blogs.windows.com/msedgedev/2024/04/29/deprecating-ms-high-contrast/ for tips on updating to the new Forced Colors Mode standard. @ https://www.linkedin.com/tscp-serving/dtag?z=home&c=1&li_theme=light&pk=d_flagship3_feed&pz=BR&p=1&sz=300x250&ti=1:0
[   60245ms] [WARNING] -ms-high-contrast is in the process of being deprecated. Please see https://blogs.windows.com/msedgedev/2024/04/29/deprecating-ms-high-contrast/ for tips on updating to the new Forced Colors Mode standard. @ https://www.linkedin.com/preload/:0
[   60245ms] [WARNING] -ms-high-contrast is in the process of being deprecated. Please see https://blogs.windows.com/msedgedev/2024/04/29/deprecating-ms-high-contrast/ for tips on updating to the new Forced Colors Mode standard. @ https://www.linkedin.com/preload/:0
[   60245ms] [WARNING] -ms-high-contrast is in the process of being deprecated. Please see https://blogs.windows.com/msedgedev/2024/04/29/deprecating-ms-high-contrast/ for tips on updating to the new Forced Colors Mode standard. @ https://www.linkedin.com/preload/:0
[   60245ms] [WARNING] -ms-high-contrast is in the process of being deprecated. Please see https://blogs.windows.com/msedgedev/2024/04/29/deprecating-ms-high-contrast/ for tips on updating to the new Forced Colors Mode standard. @ https://www.linkedin.com/preload/:0
[   60245ms] [WARNING] -ms-high-contrast is in the process of being deprecated. Please see https://blogs.windows.com/msedgedev/2024/04/29/deprecating-ms-high-contrast/ for tips on updating to the new Forced Colors Mode standard. @ https://www.linkedin.com/preload/:0
[   60245ms] [WARNING] -ms-high-contrast is in the process of being deprecated. Please see https://blogs.windows.com/msedgedev/2024/04/29/deprecating-ms-high-contrast/ for tips on updating to the new Forced Colors Mode standard. @ https://www.linkedin.com/preload/:0
[   60246ms] [WARNING] -ms-high-contrast is in the process of being deprecated. Please see https://blogs.windows.com/msedgedev/2024/04/29/deprecating-ms-high-contrast/ for tips on updating to the new Forced Colors Mode standard. @ https://www.linkedin.com/preload/:0
[   60246ms] [WARNING] -ms-high-contrast is in the process of being deprecated. Please see https://blogs.windows.com/msedgedev/2024/04/29/deprecating-ms-high-contrast/ for tips on updating to the new Forced Colors Mode standard. @ https://www.linkedin.com/preload/:0
[   60265ms] [WARNING] -ms-high-contrast is in the process of being deprecated. Please see https://blogs.windows.com/msedgedev/2024/04/29/deprecating-ms-high-contrast/ for tips on updating to the new Forced Colors Mode standard. @ https://www.linkedin.com/preload/:0
[   60283ms] [WARNING] -ms-high-contrast is in the process of being deprecated. Please see https://blogs.windows.com/msedgedev/2024/04/29/deprecating-ms-high-contrast/ for tips on updating to the new Forced Colors Mode standard. @ https://www.linkedin.com/preload/:0
[   60443ms] [ERROR] Failed to load resource: net::ERR_NAME_NOT_RESOLVED @ https://dpm.demdex.net/id?d_visid_ver=5.1.1&d_fieldgroup=AAM&d_rtbd=json&d_ver=2&d_orgid=14215E3D5995C57C0A495C55%40AdobeOrg&d_nsid=0&d_mid=03817140582013529910207688856410653577&ts=1772301201606:0
[   60444ms] [ERROR] Failed to load resource: net::ERR_NAME_NOT_RESOLVED @ https://lnkd.demdex.net/event?d_dil_ver=9.4&_ts=1772301201608:0
[   60446ms] [WARNING] -ms-high-contrast is in the process of being deprecated. Please see https://blogs.windows.com/msedgedev/2024/04/29/deprecating-ms-high-contrast/ for tips on updating to the new Forced Colors Mode standard. @ https://www.linkedin.com/preload/:0
[   60448ms] [WARNING] -ms-high-contrast is in the process of being deprecated. Please see https://blogs.windows.com/msedgedev/2024/04/29/deprecating-ms-high-contrast/ for tips on updating to the new Forced Colors Mode standard. @ https://www.linkedin.com/preload/:0
[   60449ms] [WARNING] -ms-high-contrast is in the process of being deprecated. Please see https://blogs.windows.com/msedgedev/2024/04/29/deprecating-ms-high-contrast/ for tips on updating to the new Forced Colors Mode standard. @ https://www.linkedin.com/preload/:0
[   60449ms] [WARNING] -ms-high-contrast is in the process of being deprecated. Please see https://blogs.windows.com/msedgedev/2024/04/29/deprecating-ms-high-contrast/ for tips on updating to the new Forced Colors Mode standard. @ https://www.linkedin.com/preload/:0
[   60449ms] [WARNING] -ms-high-contrast is in the process of being deprecated. Please see https://blogs.windows.com/msedgedev/2024/04/29/deprecating-ms-high-contrast/ for tips on updating to the new Forced Colors Mode standard. @ https://www.linkedin.com/preload/:0
[   60491ms] [ERROR] Failed to load resource: net::ERR_NAME_NOT_RESOLVED @ https://trkn.us/pixel/conv/ppt=4993;g=homepage;gid=20238:0
[   60491ms] [ERROR] Failed to load resource: net::ERR_NAME_NOT_RESOLVED @ https://trkn.us/pixel/conv/ppt=25548;g=linkedin_flagship_homepage;gid=64802:0
[   60491ms] [ERROR] Failed to load resource: net::ERR_NAME_NOT_RESOLVED @ https://trkn.us/pixel/conv/ppt=25573;g=linkedin_flagship_homepage;gid=64985:0
[   60492ms] [ERROR] Failed to load resource: net::ERR_NAME_NOT_RESOLVED @ https://trkn.us/pixel/conv/ppt=25549;g=linkedin_flagship_homepage;gid=64805:0
[   60492ms] [ERROR] Failed to load resource: net::ERR_NAME_NOT_RESOLVED @ https://trkn.us/pixel/conv/ppt=26471;g=linkedin_flagship_homepage;gid=68622:0
[   60507ms] [ERROR] Failed to load resource: net::ERR_NAME_NOT_RESOLVED @ https://trkn.us/pixel/conv/ppt=17688;g=flagship_page;gid=40658:0
[   61002ms] [ERROR] Failed to load resource: net::ERR_NAME_NOT_RESOLVED @ https://googleads.g.doubleclick.net/pagead/viewthroughconversion/851212376/?random=1772301202060&cv=11&fst=1772301202060&bg=ffffff&guid=ON&async=1&en=conversion&gtm=45be62p1v9174922687za200zd9174922687xec&gcs=G110&gcd=13r3q3X3r7l1&dma=0&tag_exp=103116026~103200004~104527907~104528500~104684208~104684211~115938465~115938469&u_w=1710&u_h=1112&url=https%3A%2F%2Fwww.linkedin.com%2Ffeed%2F&ref=https%3A%2F%2Fwww.linkedin.com%2Flogin&label=6PyMCP6clYcbENjw8ZUD&capi=1&gtm_ee=1&frm=0&tiba=Feed%20%7C%20LinkedIn&did=dYmQxMT&gdid=dYmQxMT&oid=7276994330170408&hn=www.google.com&npa=1&pscdl=noapi&auid=628046758.1772301202&uaa=arm&uab=64&uafvl=Chromium%3B136.0.7103.49%7CMicrosoft%2520Edge%3B136.0.3240.50%7CNot.A%252FBrand%3B99.0.0.0&uamb=0&uam=&uap=macOS&uapv=26.3.0&uaw=0&ec_mode=a&_tu=CA&gcl_ctr=1~0~0&data=event%3Dconversion&em=tv.1&gcp=1&ct_cookie_present=1&fmt=8:0
[   61003ms] [ERROR] Failed to load resource: net::ERR_NAME_NOT_RESOLVED @ https://googleads.g.doubleclick.net/pagead/viewthroughconversion/867846157/?random=1772301202160&cv=11&fst=1772301202160&bg=ffffff&guid=ON&async=1&en=conversion&gtm=45be62p1v880450157za200zb9174922687zd9174922687xec&gcs=G110&gcd=13r3q3X3r7l1&dma=0&tag_exp=103116026~103200004~104527907~104528500~104684208~104684211~115938465~115938469&u_w=1710&u_h=1112&url=https%3A%2F%2Fwww.linkedin.com%2Ffeed%2F&ref=https%3A%2F%2Fwww.linkedin.com%2Flogin&label=jVDACOjG770BEI2Q6Z0D&capi=1&gtm_ee=1&frm=0&tiba=Feed%20%7C%20LinkedIn&did=dYmQxMT&gdid=dYmQxMT&oid=7276994330170408&hn=www.google.com&npa=1&pscdl=noapi&auid=628046758.1772301202&uaa=arm&uab=64&uafvl=Chromium%3B136.0.7103.49%7CMicrosoft%2520Edge%3B136.0.3240.50%7CNot.A%252FBrand%3B99.0.0.0&uamb=0&uam=&uap=macOS&uapv=26.3.0&uaw=0&ec_mode=a&_tu=CA&gcl_ctr=2~0~0&data=event%3Dconversion&em=tv.1&gcp=1&ct_cookie_present=1&fmt=8:0
[   61013ms] [ERROR] Failed to load resource: net::ERR_NAME_NOT_RESOLVED @ https://googleads.g.doubleclick.net/pagead/viewthroughconversion/851212376/?random=1772301202060&cv=11&fst=1772301202060&fmt=3&bg=ffffff&guid=ON&async=1&en=conversion&gtm=45be62p1v9174922687za200zd9174922687xec&gcs=G110&gcd=13r3q3X3r7l1&dma=0&tag_exp=103116026~103200004~104527907~104528500~104684208~104684211~115938465~115938469&u_w=1710&u_h=1112&url=https%3A%2F%2Fwww.linkedin.com%2Ffeed%2F&ref=https%3A%2F%2Fwww.linkedin.com%2Flogin&label=6PyMCP6clYcbENjw8ZUD&capi=1&gtm_ee=1&frm=0&tiba=Feed%20%7C%20LinkedIn&did=dYmQxMT&gdid=dYmQxMT&oid=7276994330170408&hn=www.google.com&npa=1&pscdl=noapi&auid=628046758.1772301202&uaa=arm&uab=64&uafvl=Chromium%3B136.0.7103.49%7CMicrosoft%2520Edge%3B136.0.3240.50%7CNot.A%252FBrand%3B99.0.0.0&uamb=0&uam=&uap=macOS&uapv=26.3.0&uaw=0&ec_mode=a&_tu=CA&gcl_ctr=1~0~0&data=event%3Dconversion&em=tv.1&gcp=1&ct_cookie_present=1:0
[   61013ms] [ERROR] Failed to load resource: net::ERR_NAME_NOT_RESOLVED @ https://googleads.g.doubleclick.net/pagead/viewthroughconversion/867846157/?random=1772301202160&cv=11&fst=1772301202160&fmt=3&bg=ffffff&guid=ON&async=1&en=conversion&gtm=45be62p1v880450157za200zb9174922687zd9174922687xec&gcs=G110&gcd=13r3q3X3r7l1&dma=0&tag_exp=103116026~103200004~104527907~104528500~104684208~104684211~115938465~115938469&u_w=1710&u_h=1112&url=https%3A%2F%2Fwww.linkedin.com%2Ffeed%2F&ref=https%3A%2F%2Fwww.linkedin.com%2Flogin&label=jVDACOjG770BEI2Q6Z0D&capi=1&gtm_ee=1&frm=0&tiba=Feed%20%7C%20LinkedIn&did=dYmQxMT&gdid=dYmQxMT&oid=7276994330170408&hn=www.google.com&npa=1&pscdl=noapi&auid=628046758.1772301202&uaa=arm&uab=64&uafvl=Chromium%3B136.0.7103.49%7CMicrosoft%2520Edge%3B136.0.3240.50%7CNot.A%252FBrand%3B99.0.0.0&uamb=0&uam=&uap=macOS&uapv=26.3.0&uaw=0&ec_mode=a&_tu=CA&gcl_ctr=2~0~0&data=event%3Dconversion&em=tv.1&gcp=1&ct_cookie_present=1:0
[   61412ms] [ERROR] Refused to connect to 'https://www.google.co.id/pagead/1p-conversion/867846157/?random=1806460259&cv=11&fst=1772301202160&bg=ffffff&guid=ON&async=1&en=conversion&gtm=45be62p1v880450157za200zb9174922687zd9174922687xec&gcs=G110&gcd=13r3q3X3r7l1&dma=0&tag_exp=103116026~103200004~104527907~104528500~104684208~104684211~115938465~115938469&u_w=1710&u_h=1112&url=https%3A%2F%2Fwww.linkedin.com%2Ffeed%2F&ref=https%3A%2F%2Fwww.linkedin.com%2Flogin&label=jVDACOjG770BEI2Q6Z0D&capi=1&gtm_ee=1&frm=0&tiba=Feed%20%7C%20LinkedIn&did=dYmQxMT&gdi...CAAQABgAIAEyDAgEYggIABAAGAAgATIMCAdiCAgAEAAYACABMgwICGIICAAQABgAIAEyDAgJYggIABAAGAAgATIMCApiCAgAEAAYACABMgwIAmIICAAQABgAIAEyDAgLYggIABAAGAAgATIMCBViCAgAEAAYACABMgwIH2IICAAQABgAIAEyDAgTYggIABAAGAAgATIMCBJiCAgAEAAYACABOhlodHRwczovL3d3dy5saW5rZWRpbi5jb20vQldDaEFJZ01HS3pRWVF4LWlrak9xcjZaVkpFaTBBWHZWdUxBRm1xVFpfcjF2RnVDVWFSZUF5R1Q5X0E1MWMzeUpGRXJtSjk4NGVCT0ZFb0FRa2JJWmRYZE1iAiABegwICWIICAAQABgAIAGCAQlwAYgBAeIBAQI&ezwbk=AZuM4hCLL1SB0vpge57V3oDisz-b-R8786kye1J77PNwOMLSy_qEbmPhL9y7IhV13TzgaYBMKwYrcb_IB3q0fbBZpzdk' because it violates the following Content Security Policy directive: "connect-src 'self' *.licdn.com *.linkedin.com cdn.linkedin.oribi.io dpm.demdex.net/id lnkd.demdex.net blob: data: accounts.google.com/gsi/ www.google.com/recaptcha/ linkedin.sc.omtrdc.net/b/ss/ *.microsoft.com login.microsoftonline.com *.adnxs.com *.qualtrics.com *.xlgmedia.com collect.tealiumiq.com bat.bing.com www.googletagmanager.com www.googleadservices.com googleads.g.doubleclick.net www.google.com google.com adservice.google.com td.doubleclick.net pagead2.googlesyndication.com ad.doubleclick.net *.licdn.cn".
 @ https://www.linkedin.com/feed/:0
[   61413ms] [ERROR] Refused to connect to 'https://www.google.co.id/pagead/1p-conversion/851212376/?random=1827140383&cv=11&fst=1772301202060&bg=ffffff&guid=ON&async=1&en=conversion&gtm=45be62p1v9174922687za200zd9174922687xec&gcs=G110&gcd=13r3q3X3r7l1&dma=0&tag_exp=103116026~103200004~104527907~104528500~104684208~104684211~115938465~115938469&u_w=1710&u_h=1112&url=https%3A%2F%2Fwww.linkedin.com%2Ffeed%2F&ref=https%3A%2F%2Fwww.linkedin.com%2Flogin&label=6PyMCP6clYcbENjw8ZUD&capi=1&gtm_ee=1&frm=0&tiba=Feed%20%7C%20LinkedIn&did=dYmQxMT&gdid=dYmQxMT&h...CAAQABgAIAEyDAgEYggIABAAGAAgATIMCAdiCAgAEAAYACABMgwICGIICAAQABgAIAEyDAgJYggIABAAGAAgATIMCApiCAgAEAAYACABMgwIAmIICAAQABgAIAEyDAgLYggIABAAGAAgATIMCBViCAgAEAAYACABMgwIH2IICAAQABgAIAEyDAgTYggIABAAGAAgATIMCBJiCAgAEAAYACABOhlodHRwczovL3d3dy5saW5rZWRpbi5jb20vQldDaEFJZ01HS3pRWVF4LWlrak9xcjZaVkpFaTBBWHZWdUxFLVp3UTFQN2R6bDdsb2lwM25UWTJmeWFBVTIyQWxVa2YyQzcxNHJGY2k1eUNNWHhkdWtyNlFiAiABegwICWIICAAQABgAIAGCAQlwAYgBAeIBAQI&ezwbk=AZuM4hDZaEo72dNTYMlI6egsqUtOSK-Rswx6byGRVNHURDiOfaO3fx9iZxE6TE80XrtFBnWNBtc8zkC_eyiGuHdEXGL9' because it violates the following Content Security Policy directive: "connect-src 'self' *.licdn.com *.linkedin.com cdn.linkedin.oribi.io dpm.demdex.net/id lnkd.demdex.net blob: data: accounts.google.com/gsi/ www.google.com/recaptcha/ linkedin.sc.omtrdc.net/b/ss/ *.microsoft.com login.microsoftonline.com *.adnxs.com *.qualtrics.com *.xlgmedia.com collect.tealiumiq.com bat.bing.com www.googletagmanager.com www.googleadservices.com googleads.g.doubleclick.net www.google.com google.com adservice.google.com td.doubleclick.net pagead2.googlesyndication.com ad.doubleclick.net *.licdn.cn".
 @ https://www.linkedin.com/feed/:0
[   61492ms] [WARNING] -ms-high-contrast is in the process of being deprecated. Please see https://blogs.windows.com/msedgedev/2024/04/29/deprecating-ms-high-contrast/ for tips on updating to the new Forced Colors Mode standard. @ https://static.licdn.com/aero-v1/sc/h/37a2kzwa79k3sbuara3sn5x7x:3281
[   61492ms] [WARNING] -ms-high-contrast is in the process of being deprecated. Please see https://blogs.windows.com/msedgedev/2024/04/29/deprecating-ms-high-contrast/ for tips on updating to the new Forced Colors Mode standard. @ https://static.licdn.com/aero-v1/sc/h/37a2kzwa79k3sbuara3sn5x7x:3281
[   61492ms] [WARNING] -ms-high-contrast is in the process of being deprecated. Please see https://blogs.windows.com/msedgedev/2024/04/29/deprecating-ms-high-contrast/ for tips on updating to the new Forced Colors Mode standard. @ https://static.licdn.com/aero-v1/sc/h/37a2kzwa79k3sbuara3sn5x7x:3281
[   61492ms] [WARNING] -ms-high-contrast is in the process of being deprecated. Please see https://blogs.windows.com/msedgedev/2024/04/29/deprecating-ms-high-contrast/ for tips on updating to the new Forced Colors Mode standard. @ https://static.licdn.com/aero-v1/sc/h/37a2kzwa79k3sbuara3sn5x7x:3281
[   61498ms] [WARNING] -ms-high-contrast is in the process of being deprecated. Please see https://blogs.windows.com/msedgedev/2024/04/29/deprecating-ms-high-contrast/ for tips on updating to the new Forced Colors Mode standard. @ https://www.linkedin.com/preload/:0
[   61511ms] [WARNING] -ms-high-contrast is in the process of being deprecated. Please see https://blogs.windows.com/msedgedev/2024/04/29/deprecating-ms-high-contrast/ for tips on updating to the new Forced Colors Mode standard. @ https://www.linkedin.com/preload/:0
[   61511ms] [WARNING] -ms-high-contrast is in the process of being deprecated. Please see https://blogs.windows.com/msedgedev/2024/04/29/deprecating-ms-high-contrast/ for tips on updating to the new Forced Colors Mode standard. @ https://www.linkedin.com/preload/:0
[   61511ms] [WARNING] -ms-high-contrast is in the process of being deprecated. Please see https://blogs.windows.com/msedgedev/2024/04/29/deprecating-ms-high-contrast/ for tips on updating to the new Forced Colors Mode standard. @ https://www.linkedin.com/preload/:0
[   61516ms] [WARNING] -ms-high-contrast is in the process of being deprecated. Please see https://blogs.windows.com/msedgedev/2024/04/29/deprecating-ms-high-contrast/ for tips on updating to the new Forced Colors Mode standard. @ https://www.linkedin.com/preload/:0
[   61516ms] [WARNING] -ms-high-contrast is in the process of being deprecated. Please see https://blogs.windows.com/msedgedev/2024/04/29/deprecating-ms-high-contrast/ for tips on updating to the new Forced Colors Mode standard. @ https://www.linkedin.com/preload/:0
[   61641ms] [WARNING] BooleanExpression with operator "numericGreaterThan" had an expression that evaluated to null on one side. @ https://static.licdn.com/aero-v1/sc/h/assets/sdui-BD8SCo8g.es.js:0
[   61642ms] [WARNING] BooleanExpression with operator "numericGreaterThan" had an expression that evaluated to null on one side. @ https://static.licdn.com/aero-v1/sc/h/assets/sdui-BD8SCo8g.es.js:0
[   61642ms] [WARNING] BooleanExpression with operator "numericGreaterThan" had an expression that evaluated to null on one side. @ https://static.licdn.com/aero-v1/sc/h/assets/sdui-BD8SCo8g.es.js:0
[   61643ms] [WARNING] BooleanExpression with operator "numericGreaterThan" had an expression that evaluated to null on one side. @ https://static.licdn.com/aero-v1/sc/h/assets/sdui-BD8SCo8g.es.js:0
[   61643ms] [WARNING] BooleanExpression with operator "numericGreaterThan" had an expression that evaluated to null on one side. @ https://static.licdn.com/aero-v1/sc/h/assets/sdui-BD8SCo8g.es.js:0
[   61966ms] [ERROR] Failed to load resource: net::ERR_NAME_NOT_RESOLVED @ https://px.ads.linkedin.com/collect/?pid=6883&fmt=gif&_t=1772301203121:0
[   61966ms] [ERROR] Failed to load resource: net::ERR_NAME_NOT_RESOLVED @ https://px.ads.linkedin.com/setuid?partner=appNexusInt&_t=1772301203122:0
[   61966ms] [ERROR] Failed to load resource: net::ERR_NAME_NOT_RESOLVED @ https://px.ads.linkedin.com/setuid?partner=microsoft&_t=1772301203122:0
[   61966ms] [ERROR] Failed to load resource: net::ERR_NAME_NOT_RESOLVED @ https://px.ads.linkedin.com/setuid?partner=googleadx&_t=1772301203122:0
[   61966ms] [ERROR] Failed to load resource: net::ERR_NAME_NOT_RESOLVED @ https://px.ads.linkedin.com/setuid?partner=doubleClick&_t=1772301203122:0
[   61966ms] [ERROR] Failed to load resource: net::ERR_NAME_NOT_RESOLVED @ https://eb2.3lift.com/xuid?mid=6250&xuid=isLIMember&dongle=2b63&rdir=https%3A%2F%2Fpx.ads.linkedin.com%2Fsetuid%3Fpartner%3Dtriplelift%26tlUid%3D%24UID&_t=1772301203122:0
[   61983ms] [WARNING] VIDEOJS: WARN: Using the tech directly can be dangerous. I hope you know what you're doing.
See https://github.com/videojs/video.js/issues/2617 for more info.
 @ https://static.licdn.com/aero-v1/sc/h/assets/video.es-CcwhxhO2.es.js:0
[   61983ms] [ERROR] Failed to load resource: net::ERR_NAME_NOT_RESOLVED @ https://sync.teads.tv/um?eid=161&uid=&fb=https%3A%2F%2Fpx.ads.linkedin.com%2Fsetuid%3Fpartner%3Dteads%26exuid%3D%5BVID%5D&_t=1772301203122:0
[   61983ms] [ERROR] Failed to load resource: net::ERR_NAME_NOT_RESOLVED @ https://lex.33across.com/ps/v1/pubtoken/?pid=142&ru=https%3A%2F%2Fpx.ads.linkedin.com%2Fsetuid%3Fpartner%3DthirtyThreeAcross%26exuid%3D%24%7BPUBTOK%7D&_t=1772301203122:0
[   61985ms] [WARNING] VIDEOJS: WARN: Using the tech directly can be dangerous. I hope you know what you're doing.
See https://github.com/videojs/video.js/issues/2617 for more info.
 @ https://static.licdn.com/aero-v1/sc/h/assets/video.es-CcwhxhO2.es.js:0
[   61985ms] [ERROR] Failed to load resource: net::ERR_NAME_NOT_RESOLVED @ https://ads.stickyadstv.com/user-matching?id=3661&_t=1772301203122:0
[   62039ms] [ERROR] Failed to load resource: net::ERR_FAILED @ chrome-extension://invalid/:0
[   62043ms] [ERROR] Failed to load resource: net::ERR_NAME_NOT_RESOLVED @ https://px.ads.linkedin.com/setuid?partner=rubicon&ruxId=MDgxODQzNmZkMzA3YWQwMTlhZjU1NjJiZjFiYjJiMTA1MTM3YmRkZQ:0
[   62289ms] [WARNING] -ms-high-contrast is in the process of being deprecated. Please see https://blogs.windows.com/msedgedev/2024/04/29/deprecating-ms-high-contrast/ for tips on updating to the new Forced Colors Mode standard. @ https://static.licdn.com/aero-v1/sc/h/assets/vendor-D9F2tRLA.es.js:0
[   62290ms] [WARNING] -ms-high-contrast is in the process of being deprecated. Please see https://blogs.windows.com/msedgedev/2024/04/29/deprecating-ms-high-contrast/ for tips on updating to the new Forced Colors Mode standard. @ https://static.licdn.com/aero-v1/sc/h/assets/vendor-D9F2tRLA.es.js:0
[   62290ms] [WARNING] -ms-high-contrast is in the process of being deprecated. Please see https://blogs.windows.com/msedgedev/2024/04/29/deprecating-ms-high-contrast/ for tips on updating to the new Forced Colors Mode standard. @ https://static.licdn.com/aero-v1/sc/h/assets/vendor-D9F2tRLA.es.js:0
[   62291ms] [WARNING] -ms-high-contrast is in the process of being deprecated. Please see https://blogs.windows.com/msedgedev/2024/04/29/deprecating-ms-high-contrast/ for tips on updating to the new Forced Colors Mode standard. @ https://static.licdn.com/aero-v1/sc/h/assets/vendor-D9F2tRLA.es.js:0
[   62291ms] [WARNING] -ms-high-contrast is in the process of being deprecated. Please see https://blogs.windows.com/msedgedev/2024/04/29/deprecating-ms-high-contrast/ for tips on updating to the new Forced Colors Mode standard. @ https://static.licdn.com/aero-v1/sc/h/assets/vendor-D9F2tRLA.es.js:0
[   62291ms] [WARNING] -ms-high-contrast-adjust is in the process of being deprecated. Please see https://blogs.windows.com/msedgedev/2024/04/29/deprecating-ms-high-contrast/ for tips on updating to the new Forced Colors Mode standard. @ https://static.licdn.com/aero-v1/sc/h/assets/vendor-D9F2tRLA.es.js:0
[   62292ms] [WARNING] -ms-high-contrast is in the process of being deprecated. Please see https://blogs.windows.com/msedgedev/2024/04/29/deprecating-ms-high-contrast/ for tips on updating to the new Forced Colors Mode standard. @ https://static.licdn.com/aero-v1/sc/h/assets/vendor-D9F2tRLA.es.js:0
[   62292ms] [WARNING] -ms-high-contrast is in the process of being deprecated. Please see https://blogs.windows.com/msedgedev/2024/04/29/deprecating-ms-high-contrast/ for tips on updating to the new Forced Colors Mode standard. @ https://static.licdn.com/aero-v1/sc/h/assets/vendor-D9F2tRLA.es.js:0
[   62293ms] [WARNING] -ms-high-contrast-adjust is in the process of being deprecated. Please see https://blogs.windows.com/msedgedev/2024/04/29/deprecating-ms-high-contrast/ for tips on updating to the new Forced Colors Mode standard. @ https://static.licdn.com/aero-v1/sc/h/assets/vendor-D9F2tRLA.es.js:0
[   62293ms] [WARNING] -ms-high-contrast-adjust is in the process of being deprecated. Please see https://blogs.windows.com/msedgedev/2024/04/29/deprecating-ms-high-contrast/ for tips on updating to the new Forced Colors Mode standard. @ https://static.licdn.com/aero-v1/sc/h/assets/vendor-D9F2tRLA.es.js:0
[   62293ms] [WARNING] -ms-high-contrast-adjust is in the process of being deprecated. Please see https://blogs.windows.com/msedgedev/2024/04/29/deprecating-ms-high-contrast/ for tips on updating to the new Forced Colors Mode standard. @ https://static.licdn.com/aero-v1/sc/h/assets/vendor-D9F2tRLA.es.js:0
[   62293ms] [WARNING] -ms-high-contrast-adjust is in the process of being deprecated. Please see https://blogs.windows.com/msedgedev/2024/04/29/deprecating-ms-high-contrast/ for tips on updating to the new Forced Colors Mode standard. @ https://static.licdn.com/aero-v1/sc/h/assets/vendor-D9F2tRLA.es.js:0
[   62294ms] [WARNING] -ms-high-contrast-adjust is in the process of being deprecated. Please see https://blogs.windows.com/msedgedev/2024/04/29/deprecating-ms-high-contrast/ for tips on updating to the new Forced Colors Mode standard. @ https://static.licdn.com/aero-v1/sc/h/assets/vendor-D9F2tRLA.es.js:0
[   62294ms] [WARNING] -ms-high-contrast-adjust is in the process of being deprecated. Please see https://blogs.windows.com/msedgedev/2024/04/29/deprecating-ms-high-contrast/ for tips on updating to the new Forced Colors Mode standard. @ https://static.licdn.com/aero-v1/sc/h/assets/vendor-D9F2tRLA.es.js:0
[   62294ms] [WARNING] -ms-high-contrast-adjust is in the process of being deprecated. Please see https://blogs.windows.com/msedgedev/2024/04/29/deprecating-ms-high-contrast/ for tips on updating to the new Forced Colors Mode standard. @ https://static.licdn.com/aero-v1/sc/h/assets/vendor-D9F2tRLA.es.js:0
[   62294ms] [WARNING] -ms-high-contrast-adjust is in the process of being deprecated. Please see https://blogs.windows.com/msedgedev/2024/04/29/deprecating-ms-high-contrast/ for tips on updating to the new Forced Colors Mode standard. @ https://static.licdn.com/aero-v1/sc/h/assets/vendor-D9F2tRLA.es.js:0
[   62294ms] [WARNING] -ms-high-contrast-adjust is in the process of being deprecated. Please see https://blogs.windows.com/msedgedev/2024/04/29/deprecating-ms-high-contrast/ for tips on updating to the new Forced Colors Mode standard. @ https://static.licdn.com/aero-v1/sc/h/assets/vendor-D9F2tRLA.es.js:0
[   62295ms] [WARNING] -ms-high-contrast is in the process of being deprecated. Please see https://blogs.windows.com/msedgedev/2024/04/29/deprecating-ms-high-contrast/ for tips on updating to the new Forced Colors Mode standard. @ https://static.licdn.com/aero-v1/sc/h/assets/vendor-D9F2tRLA.es.js:0
[   62305ms] [WARNING] -ms-high-contrast-adjust is in the process of being deprecated. Please see https://blogs.windows.com/msedgedev/2024/04/29/deprecating-ms-high-contrast/ for tips on updating to the new Forced Colors Mode standard. @ https://static.licdn.com/aero-v1/sc/h/assets/vendor-D9F2tRLA.es.js:0
[   62310ms] [WARNING] -ms-high-contrast is in the process of being deprecated. Please see https://blogs.windows.com/msedgedev/2024/04/29/deprecating-ms-high-contrast/ for tips on updating to the new Forced Colors Mode standard. @ https://static.licdn.com/aero-v1/sc/h/assets/vendor-D9F2tRLA.es.js:0
[   62312ms] [WARNING] -ms-high-contrast is in the process of being deprecated. Please see https://blogs.windows.com/msedgedev/2024/04/29/deprecating-ms-high-contrast/ for tips on updating to the new Forced Colors Mode standard. @ https://static.licdn.com/aero-v1/sc/h/assets/vendor-D9F2tRLA.es.js:0
[   62346ms] [ERROR] Failed to load resource: net::ERR_FAILED @ chrome-extension://invalid/:0
[   62667ms] [ERROR] Failed to load resource: net::ERR_NAME_NOT_RESOLVED @ https://collector-pxdojv695v.protechts.net/api/v2/msft:0
[   62667ms] [ERROR] Failed to load resource: net::ERR_NAME_NOT_RESOLVED @ https://collector-pxdojv695v.protechts.net/api/v2/msft:0
[   62753ms] [ERROR] Failed to load resource: net::ERR_FAILED @ chrome-extension://invalid/:0
[   62865ms] [ERROR] Failed to load resource: net::ERR_FAILED @ chrome-extension://invalid/:0
[   63002ms] [ERROR] Failed to load resource: net::ERR_FAILED @ chrome-extension://invalid/:0
[   63192ms] [ERROR] Failed to load resource: net::ERR_FAILED @ chrome-extension://invalid/:0
[   63294ms] [ERROR] Failed to load resource: net::ERR_FAILED @ chrome-extension://invalid/:0
[   63397ms] [ERROR] Failed to load resource: net::ERR_FAILED @ chrome-extension://invalid/:0
[   63500ms] [ERROR] Failed to load resource: net::ERR_FAILED @ chrome-extension://invalid/:0
[   63604ms] [ERROR] Failed to load resource: net::ERR_FAILED @ chrome-extension://invalid/:0
[   63706ms] [ERROR] Failed to load resource: net::ERR_FAILED @ chrome-extension://invalid/:0
[   63812ms] [ERROR] Failed to load resource: net::ERR_FAILED @ chrome-extension://invalid/:0
[   63915ms] [ERROR] Failed to load resource: net::ERR_FAILED @ chrome-extension://invalid/:0
[   64018ms] [ERROR] Failed to load resource: net::ERR_FAILED @ chrome-extension://invalid/:0
[   64122ms] [ERROR] Failed to load resource: net::ERR_FAILED @ chrome-extension://invalid/:0
[   64223ms] [ERROR] Failed to load resource: net::ERR_FAILED @ chrome-extension://invalid/:0
[   64327ms] [ERROR] Failed to load resource: net::ERR_FAILED @ chrome-extension://invalid/:0
[   64434ms] [ERROR] Failed to load resource: net::ERR_FAILED @ chrome-extension://invalid/:0
[   64538ms] [ERROR] Failed to load resource: net::ERR_FAILED @ chrome-extension://invalid/:0
[   64644ms] [ERROR] Failed to load resource: net::ERR_FAILED @ chrome-extension://invalid/:0
[   64750ms] [ERROR] Failed to load resource: net::ERR_FAILED @ chrome-extension://invalid/:0
[   64855ms] [ERROR] Failed to load resource: net::ERR_FAILED @ chrome-extension://invalid/:0
[   64957ms] [ERROR] Failed to load resource: net::ERR_FAILED @ chrome-extension://invalid/:0
[   65060ms] [ERROR] Failed to load resource: net::ERR_FAILED @ chrome-extension://invalid/:0
[   65161ms] [ERROR] Failed to load resource: net::ERR_FAILED @ chrome-extension://invalid/:0
[   65265ms] [ERROR] Failed to load resource: net::ERR_FAILED @ chrome-extension://invalid/:0
[   65370ms] [ERROR] Failed to load resource: net::ERR_FAILED @ chrome-extension://invalid/:0
[   65473ms] [ERROR] Failed to load resource: net::ERR_FAILED @ chrome-extension://invalid/:0
[   65595ms] [ERROR] Failed to load resource: net::ERR_FAILED @ chrome-extension://invalid/:0
[   65705ms] [ERROR] Failed to load resource: net::ERR_FAILED @ chrome-extension://invalid/:0
[   65807ms] [ERROR] Failed to load resource: net::ERR_FAILED @ chrome-extension://invalid/:0
[   65909ms] [ERROR] Failed to load resource: net::ERR_FAILED @ chrome-extension://invalid/:0
[   66011ms] [ERROR] Failed to load resource: net::ERR_FAILED @ chrome-extension://invalid/:0
[   66113ms] [ERROR] Failed to load resource: net::ERR_FAILED @ chrome-extension://invalid/:0
[   66218ms] [ERROR] Failed to load resource: net::ERR_FAILED @ chrome-extension://invalid/:0
[   66325ms] [ERROR] Failed to load resource: net::ERR_FAILED @ chrome-extension://invalid/:0
[   66433ms] [ERROR] Failed to load resource: net::ERR_FAILED @ chrome-extension://invalid/:0
[   66537ms] [ERROR] Failed to load resource: net::ERR_FAILED @ chrome-extension://invalid/:0
[   66652ms] [ERROR] Failed to load resource: net::ERR_FAILED @ chrome-extension://invalid/:0
[   66753ms] [ERROR] Failed to load resource: net::ERR_FAILED @ chrome-extension://invalid/:0
[   66854ms] [ERROR] Failed to load resource: net::ERR_FAILED @ chrome-extension://invalid/:0
[   66956ms] [ERROR] Failed to load resource: net::ERR_FAILED @ chrome-extension://invalid/:0
[   67061ms] [ERROR] Failed to load resource: net::ERR_FAILED @ chrome-extension://invalid/:0
[   67163ms] [ERROR] Failed to load resource: net::ERR_FAILED @ chrome-extension://invalid/:0
[   67265ms] [ERROR] Failed to load resource: net::ERR_FAILED @ chrome-extension://invalid/:0
[   67371ms] [ERROR] Failed to load resource: net::ERR_FAILED @ chrome-extension://invalid/:0
[   67473ms] [ERROR] Failed to load resource: net::ERR_FAILED @ chrome-extension://invalid/:0
[   67580ms] [ERROR] Failed to load resource: net::ERR_FAILED @ chrome-extension://invalid/:0
[   67682ms] [ERROR] Failed to load resource: net::ERR_FAILED @ chrome-extension://invalid/:0
[   67784ms] [ERROR] Failed to load resource: net::ERR_FAILED @ chrome-extension://invalid/:0
[   67886ms] [ERROR] Failed to load resource: net::ERR_FAILED @ chrome-extension://invalid/:0
[   67989ms] [ERROR] Failed to load resource: net::ERR_FAILED @ chrome-extension://invalid/:0
[   68090ms] [ERROR] Failed to load resource: net::ERR_FAILED @ chrome-extension://invalid/:0
[   68191ms] [ERROR] Failed to load resource: net::ERR_FAILED @ chrome-extension://invalid/:0
[   68294ms] [ERROR] Failed to load resource: net::ERR_FAILED @ chrome-extension://invalid/:0
[   68399ms] [ERROR] Failed to load resource: net::ERR_FAILED @ chrome-extension://invalid/:0
[   68500ms] [ERROR] Failed to load resource: net::ERR_FAILED @ chrome-extension://invalid/:0
[   68605ms] [ERROR] Failed to load resource: net::ERR_FAILED @ chrome-extension://invalid/:0
[   68708ms] [ERROR] Failed to load resource: net::ERR_FAILED @ chrome-extension://invalid/:0
[   68811ms] [ERROR] Failed to load resource: net::ERR_FAILED @ chrome-extension://invalid/:0
[   68914ms] [ERROR] Failed to load resource: net::ERR_FAILED @ chrome-extension://invalid/:0
[   69020ms] [ERROR] Failed to load resource: net::ERR_FAILED @ chrome-extension://invalid/:0
[   69124ms] [ERROR] Failed to load resource: net::ERR_FAILED @ chrome-extension://invalid/:0
[   69230ms] [ERROR] Failed to load resource: net::ERR_FAILED @ chrome-extension://invalid/:0
[   69333ms] [ERROR] Failed to load resource: net::ERR_FAILED @ chrome-extension://invalid/:0
[   69438ms] [ERROR] Failed to load resource: net::ERR_FAILED @ chrome-extension://invalid/:0
[   69540ms] [ERROR] Failed to load resource: net::ERR_FAILED @ chrome-extension://invalid/:0
[   69644ms] [ERROR] Failed to load resource: net::ERR_FAILED @ chrome-extension://invalid/:0
[   69748ms] [ERROR] Failed to load resource: net::ERR_FAILED @ chrome-extension://invalid/:0
[   69854ms] [ERROR] Failed to load resource: net::ERR_FAILED @ chrome-extension://invalid/:0
[   69960ms] [ERROR] Failed to load resource: net::ERR_FAILED @ chrome-extension://invalid/:0
[   70063ms] [ERROR] Failed to load resource: net::ERR_FAILED @ chrome-extension://invalid/:0
[   70165ms] [ERROR] Failed to load resource: net::ERR_FAILED @ chrome-extension://invalid/:0
[   70268ms] [ERROR] Failed to load resource: net::ERR_FAILED @ chrome-extension://invalid/:0
[   70372ms] [ERROR] Failed to load resource: net::ERR_FAILED @ chrome-extension://invalid/:0
[   70475ms] [ERROR] Failed to load resource: net::ERR_FAILED @ chrome-extension://invalid/:0
[   70578ms] [ERROR] Failed to load resource: net::ERR_FAILED @ chrome-extension://invalid/:0
[   70681ms] [ERROR] Failed to load resource: net::ERR_FAILED @ chrome-extension://invalid/:0
[   70782ms] [ERROR] Failed to load resource: net::ERR_FAILED @ chrome-extension://invalid/:0
[   70884ms] [ERROR] Failed to load resource: net::ERR_FAILED @ chrome-extension://invalid/:0
[   70988ms] [ERROR] Failed to load resource: net::ERR_FAILED @ chrome-extension://invalid/:0
[   71090ms] [ERROR] Failed to load resource: net::ERR_FAILED @ chrome-extension://invalid/:0
[   71192ms] [ERROR] Failed to load resource: net::ERR_FAILED @ chrome-extension://invalid/:0
[   71295ms] [ERROR] Failed to load resource: net::ERR_FAILED @ chrome-extension://invalid/:0
[   71399ms] [ERROR] Failed to load resource: net::ERR_FAILED @ chrome-extension://invalid/:0
[   71500ms] [ERROR] Failed to load resource: net::ERR_FAILED @ chrome-extension://invalid/:0
[   71602ms] [ERROR] Failed to load resource: net::ERR_FAILED @ chrome-extension://invalid/:0
[   71707ms] [ERROR] Failed to load resource: net::ERR_FAILED @ chrome-extension://invalid/:0
[   71810ms] [ERROR] Failed to load resource: net::ERR_FAILED @ chrome-extension://invalid/:0
[   71918ms] [ERROR] Failed to load resource: net::ERR_FAILED @ chrome-extension://invalid/:0
[   72022ms] [ERROR] Failed to load resource: net::ERR_FAILED @ chrome-extension://invalid/:0
[   72124ms] [ERROR] Failed to load resource: net::ERR_FAILED @ chrome-extension://invalid/:0
[   72231ms] [ERROR] Failed to load resource: net::ERR_FAILED @ chrome-extension://invalid/:0
[   72336ms] [ERROR] Failed to load resource: net::ERR_FAILED @ chrome-extension://invalid/:0
[   72439ms] [ERROR] Failed to load resource: net::ERR_FAILED @ chrome-extension://invalid/:0
[   72544ms] [ERROR] Failed to load resource: net::ERR_FAILED @ chrome-extension://invalid/:0
[   72648ms] [ERROR] Failed to load resource: net::ERR_FAILED @ chrome-extension://invalid/:0
[   72754ms] [ERROR] Failed to load resource: net::ERR_FAILED @ chrome-extension://invalid/:0
[   72855ms] [ERROR] Failed to load resource: net::ERR_FAILED @ chrome-extension://invalid/:0
[   72958ms] [ERROR] Failed to load resource: net::ERR_FAILED @ chrome-extension://invalid/:0
[   73061ms] [ERROR] Failed to load resource: net::ERR_FAILED @ chrome-extension://invalid/:0
[   73164ms] [ERROR] Failed to load resource: net::ERR_FAILED @ chrome-extension://invalid/:0
[   73267ms] [ERROR] Failed to load resource: net::ERR_FAILED @ chrome-extension://invalid/:0
[   73370ms] [ERROR] Failed to load resource: net::ERR_FAILED @ chrome-extension://invalid/:0
[   73471ms] [ERROR] Failed to load resource: net::ERR_FAILED @ chrome-extension://invalid/:0
[   73574ms] [ERROR] Failed to load resource: net::ERR_FAILED @ chrome-extension://invalid/:0
[   73678ms] [ERROR] Failed to load resource: net::ERR_FAILED @ chrome-extension://invalid/:0
[   73780ms] [ERROR] Failed to load resource: net::ERR_FAILED @ chrome-extension://invalid/:0
[   73880ms] [ERROR] Failed to load resource: net::ERR_FAILED @ chrome-extension://invalid/:0
[   73983ms] [ERROR] Failed to load resource: net::ERR_FAILED @ chrome-extension://invalid/:0
[   74086ms] [ERROR] Failed to load resource: net::ERR_FAILED @ chrome-extension://invalid/:0
[   74189ms] [ERROR] Failed to load resource: net::ERR_FAILED @ chrome-extension://invalid/:0
[   74291ms] [ERROR] Failed to load resource: net::ERR_FAILED @ chrome-extension://invalid/:0
[   74393ms] [ERROR] Failed to load resource: net::ERR_FAILED @ chrome-extension://invalid/:0
[   74496ms] [ERROR] Failed to load resource: net::ERR_FAILED @ chrome-extension://invalid/:0
[   74601ms] [ERROR] Failed to load resource: net::ERR_FAILED @ chrome-extension://invalid/:0
[   74703ms] [ERROR] Failed to load resource: net::ERR_FAILED @ chrome-extension://invalid/:0
[   74805ms] [ERROR] Failed to load resource: net::ERR_FAILED @ chrome-extension://invalid/:0
[   74908ms] [ERROR] Failed to load resource: net::ERR_FAILED @ chrome-extension://invalid/:0
[   75011ms] [ERROR] Failed to load resource: net::ERR_FAILED @ chrome-extension://invalid/:0
[   75113ms] [ERROR] Failed to load resource: net::ERR_FAILED @ chrome-extension://invalid/:0
[   75219ms] [ERROR] Failed to load resource: net::ERR_FAILED @ chrome-extension://invalid/:0
[   75322ms] [ERROR] Failed to load resource: net::ERR_FAILED @ chrome-extension://invalid/:0
[   75427ms] [ERROR] Failed to load resource: net::ERR_FAILED @ chrome-extension://invalid/:0
[   75532ms] [ERROR] Failed to load resource: net::ERR_FAILED @ chrome-extension://invalid/:0
[   75635ms] [ERROR] Failed to load resource: net::ERR_FAILED @ chrome-extension://invalid/:0
[   75737ms] [ERROR] Failed to load resource: net::ERR_FAILED @ chrome-extension://invalid/:0
[   75840ms] [ERROR] Failed to load resource: net::ERR_FAILED @ chrome-extension://invalid/:0
[   75941ms] [ERROR] Failed to load resource: net::ERR_FAILED @ chrome-extension://invalid/:0
[   76047ms] [ERROR] Failed to load resource: net::ERR_FAILED @ chrome-extension://invalid/:0
[   76151ms] [ERROR] Failed to load resource: net::ERR_FAILED @ chrome-extension://invalid/:0
[   76253ms] [ERROR] Failed to load resource: net::ERR_FAILED @ chrome-extension://invalid/:0
[   76357ms] [ERROR] Failed to load resource: net::ERR_FAILED @ chrome-extension://invalid/:0
[   76458ms] [ERROR] Failed to load resource: net::ERR_FAILED @ chrome-extension://invalid/:0
[   76560ms] [ERROR] Failed to load resource: net::ERR_FAILED @ chrome-extension://invalid/:0
[   76662ms] [ERROR] Failed to load resource: net::ERR_FAILED @ chrome-extension://invalid/:0
[   76763ms] [ERROR] Failed to load resource: net::ERR_FAILED @ chrome-extension://invalid/:0
[   76866ms] [ERROR] Failed to load resource: net::ERR_FAILED @ chrome-extension://invalid/:0
[   76968ms] [ERROR] Failed to load resource: net::ERR_FAILED @ chrome-extension://invalid/:0
[   77072ms] [ERROR] Failed to load resource: net::ERR_FAILED @ chrome-extension://invalid/:0
[   77174ms] [ERROR] Failed to load resource: net::ERR_FAILED @ chrome-extension://invalid/:0
[   77276ms] [ERROR] Failed to load resource: net::ERR_FAILED @ chrome-extension://invalid/:0
[   77381ms] [ERROR] Failed to load resource: net::ERR_FAILED @ chrome-extension://invalid/:0
[   77482ms] [ERROR] Failed to load resource: net::ERR_FAILED @ chrome-extension://invalid/:0
[   77584ms] [ERROR] Failed to load resource: net::ERR_FAILED @ chrome-extension://invalid/:0
[   77686ms] [ERROR] Failed to load resource: net::ERR_FAILED @ chrome-extension://invalid/:0
[   77788ms] [ERROR] Failed to load resource: net::ERR_FAILED @ chrome-extension://invalid/:0
[   77891ms] [ERROR] Failed to load resource: net::ERR_FAILED @ chrome-extension://invalid/:0
[   77993ms] [ERROR] Failed to load resource: net::ERR_FAILED @ chrome-extension://invalid/:0
[   78096ms] [ERROR] Failed to load resource: net::ERR_FAILED @ chrome-extension://invalid/:0
[   78200ms] [ERROR] Failed to load resource: net::ERR_FAILED @ chrome-extension://invalid/:0
[   78305ms] [ERROR] Failed to load resource: net::ERR_FAILED @ chrome-extension://invalid/:0
[   78413ms] [ERROR] Failed to load resource: net::ERR_FAILED @ chrome-extension://invalid/:0
[   78515ms] [ERROR] Failed to load resource: net::ERR_FAILED @ chrome-extension://invalid/:0
[   78617ms] [ERROR] Failed to load resource: net::ERR_FAILED @ chrome-extension://invalid/:0
[   78719ms] [ERROR] Failed to load resource: net::ERR_FAILED @ chrome-extension://invalid/:0
[   78825ms] [ERROR] Failed to load resource: net::ERR_FAILED @ chrome-extension://invalid/:0
[   78927ms] [ERROR] Failed to load resource: net::ERR_FAILED @ chrome-extension://invalid/:0
[   79033ms] [ERROR] Failed to load resource: net::ERR_FAILED @ chrome-extension://invalid/:0
[   79136ms] [ERROR] Failed to load resource: net::ERR_FAILED @ chrome-extension://invalid/:0
[   79243ms] [ERROR] Failed to load resource: net::ERR_FAILED @ chrome-extension://invalid/:0
[   79347ms] [ERROR] Failed to load resource: net::ERR_FAILED @ chrome-extension://invalid/:0
[   79450ms] [ERROR] Failed to load resource: net::ERR_FAILED @ chrome-extension://invalid/:0
[   79557ms] [ERROR] Failed to load resource: net::ERR_FAILED @ chrome-extension://invalid/:0
[   79659ms] [ERROR] Failed to load resource: net::ERR_FAILED @ chrome-extension://invalid/:0
[   79762ms] [ERROR] Failed to load resource: net::ERR_FAILED @ chrome-extension://invalid/:0
[   79864ms] [ERROR] Failed to load resource: net::ERR_FAILED @ chrome-extension://invalid/:0
[   79967ms] [ERROR] Failed to load resource: net::ERR_FAILED @ chrome-extension://invalid/:0
[   80068ms] [ERROR] Failed to load resource: net::ERR_FAILED @ chrome-extension://invalid/:0
[   80170ms] [ERROR] Failed to load resource: net::ERR_FAILED @ chrome-extension://invalid/:0
[   80274ms] [ERROR] Failed to load resource: net::ERR_FAILED @ chrome-extension://invalid/:0
[   80379ms] [ERROR] Failed to load resource: net::ERR_FAILED @ chrome-extension://invalid/:0
[   80481ms] [ERROR] Failed to load resource: net::ERR_FAILED @ chrome-extension://invalid/:0
[   80583ms] [ERROR] Failed to load resource: net::ERR_FAILED @ chrome-extension://invalid/:0
[   80685ms] [ERROR] Failed to load resource: net::ERR_FAILED @ chrome-extension://invalid/:0
[   80787ms] [ERROR] Failed to load resource: net::ERR_FAILED @ chrome-extension://invalid/:0
[   80888ms] [ERROR] Failed to load resource: net::ERR_FAILED @ chrome-extension://invalid/:0
[   80991ms] [ERROR] Failed to load resource: net::ERR_FAILED @ chrome-extension://invalid/:0
[   81093ms] [ERROR] Failed to load resource: net::ERR_FAILED @ chrome-extension://invalid/:0
[   81195ms] [ERROR] Failed to load resource: net::ERR_FAILED @ chrome-extension://invalid/:0
[   81297ms] [ERROR] Failed to load resource: net::ERR_FAILED @ chrome-extension://invalid/:0
[   81399ms] [ERROR] Failed to load resource: net::ERR_FAILED @ chrome-extension://invalid/:0
[   81504ms] [ERROR] Failed to load resource: net::ERR_FAILED @ chrome-extension://invalid/:0
[   81606ms] [ERROR] Failed to load resource: net::ERR_FAILED @ chrome-extension://invalid/:0
[   81712ms] [ERROR] Failed to load resource: net::ERR_FAILED @ chrome-extension://invalid/:0
[   81814ms] [ERROR] Failed to load resource: net::ERR_FAILED @ chrome-extension://invalid/:0
[   81919ms] [ERROR] Failed to load resource: net::ERR_FAILED @ chrome-extension://invalid/:0
[   82025ms] [ERROR] Failed to load resource: net::ERR_FAILED @ chrome-extension://invalid/:0
[   82127ms] [ERROR] Failed to load resource: net::ERR_FAILED @ chrome-extension://invalid/:0
[   82229ms] [ERROR] Failed to load resource: net::ERR_FAILED @ chrome-extension://invalid/:0
[   82331ms] [ERROR] Failed to load resource: net::ERR_FAILED @ chrome-extension://invalid/:0
[   82436ms] [ERROR] Failed to load resource: net::ERR_FAILED @ chrome-extension://invalid/:0
[   82541ms] [ERROR] Failed to load resource: net::ERR_FAILED @ chrome-extension://invalid/:0
[   82644ms] [ERROR] Failed to load resource: net::ERR_FAILED @ chrome-extension://invalid/:0
[   82750ms] [ERROR] Failed to load resource: net::ERR_FAILED @ chrome-extension://invalid/:0
[   82857ms] [ERROR] Failed to load resource: net::ERR_FAILED @ chrome-extension://invalid/:0
[   82959ms] [ERROR] Failed to load resource: net::ERR_FAILED @ chrome-extension://invalid/:0
[   83060ms] [ERROR] Failed to load resource: net::ERR_FAILED @ chrome-extension://invalid/:0
[   83163ms] [ERROR] Failed to load resource: net::ERR_FAILED @ chrome-extension://invalid/:0
[   83264ms] [ERROR] Failed to load resource: net::ERR_FAILED @ chrome-extension://invalid/:0
[   83368ms] [ERROR] Failed to load resource: net::ERR_FAILED @ chrome-extension://invalid/:0
[   83470ms] [ERROR] Failed to load resource: net::ERR_FAILED @ chrome-extension://invalid/:0
[   83575ms] [ERROR] Failed to load resource: net::ERR_FAILED @ chrome-extension://invalid/:0
[   83681ms] [ERROR] Failed to load resource: net::ERR_FAILED @ chrome-extension://invalid/:0
[   83782ms] [ERROR] Failed to load resource: net::ERR_FAILED @ chrome-extension://invalid/:0
[   83886ms] [ERROR] Failed to load resource: net::ERR_FAILED @ chrome-extension://invalid/:0
[   83987ms] [ERROR] Failed to load resource: net::ERR_FAILED @ chrome-extension://invalid/:0
[   84089ms] [ERROR] Failed to load resource: net::ERR_FAILED @ chrome-extension://invalid/:0
[   84192ms] [ERROR] Failed to load resource: net::ERR_FAILED @ chrome-extension://invalid/:0
[   84294ms] [ERROR] Failed to load resource: net::ERR_FAILED @ chrome-extension://invalid/:0
[   84396ms] [ERROR] Failed to load resource: net::ERR_FAILED @ chrome-extension://invalid/:0
[   84500ms] [ERROR] Failed to load resource: net::ERR_FAILED @ chrome-extension://invalid/:0
[   84603ms] [ERROR] Failed to load resource: net::ERR_FAILED @ chrome-extension://invalid/:0
[   84706ms] [ERROR] Failed to load resource: net::ERR_FAILED @ chrome-extension://invalid/:0
[   84809ms] [ERROR] Failed to load resource: net::ERR_FAILED @ chrome-extension://invalid/:0
[   84910ms] [ERROR] Failed to load resource: net::ERR_FAILED @ chrome-extension://invalid/:0
[   85013ms] [ERROR] Failed to load resource: net::ERR_FAILED @ chrome-extension://invalid/:0
[   85115ms] [ERROR] Failed to load resource: net::ERR_FAILED @ chrome-extension://invalid/:0
[   85220ms] [ERROR] Failed to load resource: net::ERR_FAILED @ chrome-extension://invalid/:0
[   85321ms] [ERROR] Failed to load resource: net::ERR_FAILED @ chrome-extension://invalid/:0
[   85427ms] [ERROR] Failed to load resource: net::ERR_FAILED @ chrome-extension://invalid/:0
[   85534ms] [ERROR] Failed to load resource: net::ERR_FAILED @ chrome-extension://invalid/:0
[   85637ms] [ERROR] Failed to load resource: net::ERR_FAILED @ chrome-extension://invalid/:0
[   85743ms] [ERROR] Failed to load resource: net::ERR_FAILED @ chrome-extension://invalid/:0
[   85849ms] [ERROR] Failed to load resource: net::ERR_FAILED @ chrome-extension://invalid/:0
[   85953ms] [ERROR] Failed to load resource: net::ERR_FAILED @ chrome-extension://invalid/:0
[   86057ms] [ERROR] Failed to load resource: net::ERR_FAILED @ chrome-extension://invalid/:0
[   86158ms] [ERROR] Failed to load resource: net::ERR_FAILED @ chrome-extension://invalid/:0
[   86259ms] [ERROR] Failed to load resource: net::ERR_FAILED @ chrome-extension://invalid/:0
[   86360ms] [ERROR] Failed to load resource: net::ERR_FAILED @ chrome-extension://invalid/:0
[   86461ms] [ERROR] Failed to load resource: net::ERR_FAILED @ chrome-extension://invalid/:0
[   86563ms] [ERROR] Failed to load resource: net::ERR_FAILED @ chrome-extension://invalid/:0
[   86666ms] [ERROR] Failed to load resource: net::ERR_FAILED @ chrome-extension://invalid/:0
[   86769ms] [ERROR] Failed to load resource: net::ERR_FAILED @ chrome-extension://invalid/:0
[   86873ms] [ERROR] Failed to load resource: net::ERR_FAILED @ chrome-extension://invalid/:0
[   86979ms] [ERROR] Failed to load resource: net::ERR_FAILED @ chrome-extension://invalid/:0
[   87085ms] [ERROR] Failed to load resource: net::ERR_FAILED @ chrome-extension://invalid/:0
[   87186ms] [ERROR] Failed to load resource: net::ERR_FAILED @ chrome-extension://invalid/:0
[   87287ms] [ERROR] Failed to load resource: net::ERR_FAILED @ chrome-extension://invalid/:0
[   87394ms] [ERROR] Failed to load resource: net::ERR_FAILED @ chrome-extension://invalid/:0
[   87498ms] [ERROR] Failed to load resource: net::ERR_FAILED @ chrome-extension://invalid/:0
[   87599ms] [ERROR] Failed to load resource: net::ERR_FAILED @ chrome-extension://invalid/:0
[   87703ms] [ERROR] Failed to load resource: net::ERR_FAILED @ chrome-extension://invalid/:0
[   87805ms] [ERROR] Failed to load resource: net::ERR_FAILED @ chrome-extension://invalid/:0
